## Footprint report - date Wed 18 Sep 2019 15:13:55 CEST
## Created by Pcbnew version kicad 5.1.4-e60b266~84~ubuntu18.04.1
## Unit = mm, Angle = deg.

$BeginDESCRIPTION

$BOARD
upper_left_corner 89.535000 52.744999
lower_right_corner 144.780001 114.300001
$EndBOARD

$MODULE "J1"
reference "J1"
value "Arduino_UNO_R3"
footprint "Insa:Arduino_UNO_R3_Pin_Only"
attribut none
position 141.500000 101.500000  orientation 90.00
layer back
$PAD "16"
Shape Oval Layer both
position 33.020000 -48.260000  size  1.600000  1.600000  orientation -90.00
drill  0.800000
shape_offset  0.000000  0.000000
$EndPAD
$PAD "15"
Shape Oval Layer both
position 35.560000 -48.260000  size  1.600000  1.600000  orientation -90.00
drill  0.800000
shape_offset  0.000000  0.000000
$EndPAD
$PAD "30"
Shape Oval Layer both
position -4.060000 -48.260000  size  1.600000  1.600000  orientation -90.00
drill  0.800000
shape_offset  0.000000  0.000000
$EndPAD
$PAD "14"
Shape Oval Layer both
position 35.560000  0.000000  size  1.600000  1.600000  orientation -90.00
drill  0.800000
shape_offset  0.000000  0.000000
$EndPAD
$PAD "29"
Shape Oval Layer both
position -1.520000 -48.260000  size  1.600000  1.600000  orientation -90.00
drill  0.800000
shape_offset  0.000000  0.000000
$EndPAD
$PAD "13"
Shape Oval Layer both
position 33.020000  0.000000  size  1.600000  1.600000  orientation -90.00
drill  0.800000
shape_offset  0.000000  0.000000
$EndPAD
$PAD "28"
Shape Oval Layer both
position  1.020000 -48.260000  size  1.600000  1.600000  orientation -90.00
drill  0.800000
shape_offset  0.000000  0.000000
$EndPAD
$PAD "12"
Shape Oval Layer both
position 30.480000  0.000000  size  1.600000  1.600000  orientation -90.00
drill  0.800000
shape_offset  0.000000  0.000000
$EndPAD
$PAD "27"
Shape Oval Layer both
position  3.560000 -48.260000  size  1.600000  1.600000  orientation -90.00
drill  0.800000
shape_offset  0.000000  0.000000
$EndPAD
$PAD "11"
Shape Oval Layer both
position 27.940000  0.000000  size  1.600000  1.600000  orientation -90.00
drill  0.800000
shape_offset  0.000000  0.000000
$EndPAD
$PAD "26"
Shape Oval Layer both
position  6.100000 -48.260000  size  1.600000  1.600000  orientation -90.00
drill  0.800000
shape_offset  0.000000  0.000000
$EndPAD
$PAD "10"
Shape Oval Layer both
position 25.400000  0.000000  size  1.600000  1.600000  orientation -90.00
drill  0.800000
shape_offset  0.000000  0.000000
$EndPAD
$PAD "25"
Shape Oval Layer both
position  8.640000 -48.260000  size  1.600000  1.600000  orientation -90.00
drill  0.800000
shape_offset  0.000000  0.000000
$EndPAD
$PAD "9"
Shape Oval Layer both
position 22.860000  0.000000  size  1.600000  1.600000  orientation -90.00
drill  0.800000
shape_offset  0.000000  0.000000
$EndPAD
$PAD "24"
Shape Oval Layer both
position 11.180000 -48.260000  size  1.600000  1.600000  orientation -90.00
drill  0.800000
shape_offset  0.000000  0.000000
$EndPAD
$PAD "8"
Shape Oval Layer both
position 17.780000  0.000000  size  1.600000  1.600000  orientation -90.00
drill  0.800000
shape_offset  0.000000  0.000000
$EndPAD
$PAD "23"
Shape Oval Layer both
position 13.720000 -48.260000  size  1.600000  1.600000  orientation -90.00
drill  0.800000
shape_offset  0.000000  0.000000
$EndPAD
$PAD "7"
Shape Oval Layer both
position 15.240000  0.000000  size  1.600000  1.600000  orientation -90.00
drill  0.800000
shape_offset  0.000000  0.000000
$EndPAD
$PAD "22"
Shape Oval Layer both
position 17.780000 -48.260000  size  1.600000  1.600000  orientation -90.00
drill  0.800000
shape_offset  0.000000  0.000000
$EndPAD
$PAD "6"
Shape Oval Layer both
position 12.700000  0.000000  size  1.600000  1.600000  orientation -90.00
drill  0.800000
shape_offset  0.000000  0.000000
$EndPAD
$PAD "21"
Shape Oval Layer both
position 20.320000 -48.260000  size  1.600000  1.600000  orientation -90.00
drill  0.800000
shape_offset  0.000000  0.000000
$EndPAD
$PAD "5"
Shape Oval Layer both
position 10.160000  0.000000  size  1.600000  1.600000  orientation -90.00
drill  0.800000
shape_offset  0.000000  0.000000
$EndPAD
$PAD "20"
Shape Oval Layer both
position 22.860000 -48.260000  size  1.600000  1.600000  orientation -90.00
drill  0.800000
shape_offset  0.000000  0.000000
$EndPAD
$PAD "4"
Shape Oval Layer both
position  7.620000  0.000000  size  1.600000  1.600000  orientation -90.00
drill  0.800000
shape_offset  0.000000  0.000000
$EndPAD
$PAD "19"
Shape Oval Layer both
position 25.400000 -48.260000  size  1.600000  1.600000  orientation -90.00
drill  0.800000
shape_offset  0.000000  0.000000
$EndPAD
$PAD "3"
Shape Oval Layer both
position  5.080000  0.000000  size  1.600000  1.600000  orientation -90.00
drill  0.800000
shape_offset  0.000000  0.000000
$EndPAD
$PAD "18"
Shape Oval Layer both
position 27.940000 -48.260000  size  1.600000  1.600000  orientation -90.00
drill  0.800000
shape_offset  0.000000  0.000000
$EndPAD
$PAD "2"
Shape Oval Layer both
position  2.540000  0.000000  size  1.600000  1.600000  orientation -90.00
drill  0.800000
shape_offset  0.000000  0.000000
$EndPAD
$PAD "17"
Shape Oval Layer both
position 30.480000 -48.260000  size  1.600000  1.600000  orientation -90.00
drill  0.800000
shape_offset  0.000000  0.000000
$EndPAD
$PAD "1"
Shape Rect Layer both
position  0.000000  0.000000  size  1.600000  1.600000  orientation -90.00
drill  0.800000
shape_offset  0.000000  0.000000
$EndPAD
$PAD "31"
Shape Oval Layer both
position -6.600000 -48.260000  size  1.600000  1.600000  orientation -90.00
drill  0.800000
shape_offset  0.000000  0.000000
$EndPAD
$PAD "32"
Shape Oval Layer both
position -9.140000 -48.260000  size  1.600000  1.600000  orientation -90.00
drill  0.800000
shape_offset  0.000000  0.000000
$EndPAD
$EndMODULE  J1

$MODULE "P2"
reference "P2"
value "TE-FFC-10-0.5"
footprint "Insa:FFC-10-0.5"
attribut none
position 130.460000 91.055000  orientation 270.00
layer front
$PAD "10"
Shape Rect Layer front
position  2.250000  0.350000  size  0.250000  0.700000  orientation 0.00
drill  0.000000
shape_offset  0.000000  0.000000
$EndPAD
$PAD "1"
Shape Rect Layer front
position -2.250000  0.350000  size  0.250000  0.700000  orientation 0.00
drill  0.000000
shape_offset  0.000000  0.000000
$EndPAD
$PAD "6"
Shape Rect Layer front
position  0.250000  0.350000  size  0.250000  0.700000  orientation 0.00
drill  0.000000
shape_offset  0.000000  0.000000
$EndPAD
$PAD "7"
Shape Rect Layer front
position  0.750000  0.350000  size  0.250000  0.700000  orientation 0.00
drill  0.000000
shape_offset  0.000000  0.000000
$EndPAD
$PAD "8"
Shape Rect Layer front
position  1.250000  0.350000  size  0.250000  0.700000  orientation 0.00
drill  0.000000
shape_offset  0.000000  0.000000
$EndPAD
$PAD "9"
Shape Rect Layer front
position  1.750000  0.350000  size  0.250000  0.700000  orientation 0.00
drill  0.000000
shape_offset  0.000000  0.000000
$EndPAD
$PAD "5"
Shape Rect Layer front
position -0.250000  0.350000  size  0.250000  0.700000  orientation 0.00
drill  0.000000
shape_offset  0.000000  0.000000
$EndPAD
$PAD "4"
Shape Rect Layer front
position -0.750000  0.350000  size  0.250000  0.700000  orientation 0.00
drill  0.000000
shape_offset  0.000000  0.000000
$EndPAD
$PAD "3"
Shape Rect Layer front
position -1.250000  0.350000  size  0.250000  0.700000  orientation 0.00
drill  0.000000
shape_offset  0.000000  0.000000
$EndPAD
$PAD "2"
Shape Rect Layer front
position -1.750000  0.350000  size  0.250000  0.700000  orientation 0.00
drill  0.000000
shape_offset  0.000000  0.000000
$EndPAD
$PAD "B"
Shape Rect Layer front
position  3.685000 -1.400000  size  1.750000  2.800000  orientation 0.00
drill  0.000000
shape_offset  0.000000  0.000000
$EndPAD
$PAD "A"
Shape Rect Layer front
position -3.685000 -1.400000  size  1.750000  2.800000  orientation 0.00
drill  0.000000
shape_offset  0.000000  0.000000
$EndPAD
$EndMODULE  P2

$MODULE "U3"
reference "U3"
value "BMP280"
footprint "Package_LGA:Bosch_LGA-8_2x2.5mm_P0.65mm_ClockwisePinNumbering"
attribut smd
position 101.600000 101.600000  orientation 270.00
layer front
$PAD "1"
Shape Rect Layer front
position -0.975000 -0.800000  size  0.500000  0.350000  orientation -270.00
drill  0.000000
shape_offset  0.000000  0.000000
$EndPAD
$PAD "5"
Shape Rect Layer front
position  0.975000  0.800000  size  0.500000  0.350000  orientation -270.00
drill  0.000000
shape_offset  0.000000  0.000000
$EndPAD
$PAD "6"
Shape Rect Layer front
position  0.325000  0.800000  size  0.500000  0.350000  orientation -270.00
drill  0.000000
shape_offset  0.000000  0.000000
$EndPAD
$PAD "7"
Shape Rect Layer front
position -0.325000  0.800000  size  0.500000  0.350000  orientation -270.00
drill  0.000000
shape_offset  0.000000  0.000000
$EndPAD
$PAD "4"
Shape Rect Layer front
position  0.975000 -0.800000  size  0.500000  0.350000  orientation -270.00
drill  0.000000
shape_offset  0.000000  0.000000
$EndPAD
$PAD "3"
Shape Rect Layer front
position  0.325000 -0.800000  size  0.500000  0.350000  orientation -270.00
drill  0.000000
shape_offset  0.000000  0.000000
$EndPAD
$PAD "2"
Shape Rect Layer front
position -0.325000 -0.800000  size  0.500000  0.350000  orientation -270.00
drill  0.000000
shape_offset  0.000000  0.000000
$EndPAD
$PAD "8"
Shape Rect Layer front
position -0.975000  0.800000  size  0.500000  0.350000  orientation -270.00
drill  0.000000
shape_offset  0.000000  0.000000
$EndPAD
$EndMODULE  U3

$MODULE "U1"
reference "U1"
value "ESP-WROOM-02"
footprint "RF_Module:ESP-WROOM-02"
attribut smd
position 121.920000 71.120000  orientation 0.00
layer front
$PAD "18"
Shape Rect Layer front
position  8.737500 -6.000000  size  0.850000  0.912500  orientation 0.00
drill  0.000000
shape_offset  0.000000  0.000000
$EndPAD
$PAD "17"
Shape Rect Layer front
position  8.737500 -4.500000  size  0.850000  0.912500  orientation 0.00
drill  0.000000
shape_offset  0.000000  0.000000
$EndPAD
$PAD "16"
Shape Rect Layer front
position  8.737500 -3.000000  size  0.850000  0.912500  orientation 0.00
drill  0.000000
shape_offset  0.000000  0.000000
$EndPAD
$PAD "15"
Shape Rect Layer front
position  8.737500 -1.500000  size  0.850000  0.912500  orientation 0.00
drill  0.000000
shape_offset  0.000000  0.000000
$EndPAD
$PAD "14"
Shape Rect Layer front
position  8.737500  0.000000  size  0.850000  0.912500  orientation 0.00
drill  0.000000
shape_offset  0.000000  0.000000
$EndPAD
$PAD "13"
Shape Rect Layer front
position  8.737500  1.500000  size  0.850000  0.912500  orientation 0.00
drill  0.000000
shape_offset  0.000000  0.000000
$EndPAD
$PAD "12"
Shape Rect Layer front
position  8.737500  3.000000  size  0.850000  0.912500  orientation 0.00
drill  0.000000
shape_offset  0.000000  0.000000
$EndPAD
$PAD "11"
Shape Rect Layer front
position  8.737500  4.500000  size  0.850000  0.912500  orientation 0.00
drill  0.000000
shape_offset  0.000000  0.000000
$EndPAD
$PAD "10"
Shape Rect Layer front
position  8.737500  6.000000  size  0.850000  0.912500  orientation 0.00
drill  0.000000
shape_offset  0.000000  0.000000
$EndPAD
$PAD "9"
Shape Rect Layer front
position -8.737500  6.000000  size  0.850000  0.912500  orientation 0.00
drill  0.000000
shape_offset  0.000000  0.000000
$EndPAD
$PAD "8"
Shape Rect Layer front
position -8.737500  4.500000  size  0.850000  0.912500  orientation 0.00
drill  0.000000
shape_offset  0.000000  0.000000
$EndPAD
$PAD "7"
Shape Rect Layer front
position -8.737500  3.000000  size  0.850000  0.912500  orientation 0.00
drill  0.000000
shape_offset  0.000000  0.000000
$EndPAD
$PAD "6"
Shape Rect Layer front
position -8.737500  1.500000  size  0.850000  0.912500  orientation 0.00
drill  0.000000
shape_offset  0.000000  0.000000
$EndPAD
$PAD "5"
Shape Rect Layer front
position -8.737500  0.000000  size  0.850000  0.912500  orientation 0.00
drill  0.000000
shape_offset  0.000000  0.000000
$EndPAD
$PAD "4"
Shape Rect Layer front
position -8.737500 -1.500000  size  0.850000  0.912500  orientation 0.00
drill  0.000000
shape_offset  0.000000  0.000000
$EndPAD
$PAD "3"
Shape Rect Layer front
position -8.737500 -3.000000  size  0.850000  0.912500  orientation 0.00
drill  0.000000
shape_offset  0.000000  0.000000
$EndPAD
$PAD "2"
Shape Rect Layer front
position -8.737500 -4.500000  size  0.850000  0.912500  orientation 0.00
drill  0.000000
shape_offset  0.000000  0.000000
$EndPAD
$PAD "1"
Shape Rect Layer front
position -8.737500 -6.000000  size  0.850000  0.912500  orientation 0.00
drill  0.000000
shape_offset  0.000000  0.000000
$EndPAD
$PAD "19"
Shape Rect Layer front
position  1.120000  0.580000  size  4.300000  4.300000  orientation 0.00
drill  0.000000
shape_offset  0.000000  0.000000
$EndPAD
$EndMODULE  U1

$MODULE "U5"
reference "U5"
value "74AHC1G125"
footprint "Package_TO_SOT_SMD:SOT-353_SC-70-5"
attribut smd
position 111.125000 83.820000  orientation 90.00
layer front
$PAD "1"
Shape Rect Layer front
position -0.950000 -0.650000  size  0.650000  0.400000  orientation 0.00
drill  0.000000
shape_offset  0.000000  0.000000
$EndPAD
$PAD "3"
Shape Rect Layer front
position -0.950000  0.650000  size  0.650000  0.400000  orientation 0.00
drill  0.000000
shape_offset  0.000000  0.000000
$EndPAD
$PAD "2"
Shape Rect Layer front
position -0.950000  0.000000  size  0.650000  0.400000  orientation 0.00
drill  0.000000
shape_offset  0.000000  0.000000
$EndPAD
$PAD "4"
Shape Rect Layer front
position  0.950000  0.650000  size  0.650000  0.400000  orientation 0.00
drill  0.000000
shape_offset  0.000000  0.000000
$EndPAD
$PAD "5"
Shape Rect Layer front
position  0.950000 -0.650000  size  0.650000  0.400000  orientation 0.00
drill  0.000000
shape_offset  0.000000  0.000000
$EndPAD
$EndMODULE  U5

$MODULE "U6"
reference "U6"
value "74LS166"
footprint "Package_SO:SOIC-16_3.9x9.9mm_P1.27mm"
attribut smd
position 118.745000 92.075000  orientation 180.00
layer front
$PAD "1"
Shape Rect Layer front
position -2.700000 -4.445000  size  1.500000  0.600000  orientation 0.00
drill  0.000000
shape_offset  0.000000  0.000000
$EndPAD
$PAD "2"
Shape Rect Layer front
position -2.700000 -3.175000  size  1.500000  0.600000  orientation 0.00
drill  0.000000
shape_offset  0.000000  0.000000
$EndPAD
$PAD "3"
Shape Rect Layer front
position -2.700000 -1.905000  size  1.500000  0.600000  orientation 0.00
drill  0.000000
shape_offset  0.000000  0.000000
$EndPAD
$PAD "4"
Shape Rect Layer front
position -2.700000 -0.635000  size  1.500000  0.600000  orientation 0.00
drill  0.000000
shape_offset  0.000000  0.000000
$EndPAD
$PAD "5"
Shape Rect Layer front
position -2.700000  0.635000  size  1.500000  0.600000  orientation 0.00
drill  0.000000
shape_offset  0.000000  0.000000
$EndPAD
$PAD "6"
Shape Rect Layer front
position -2.700000  1.905000  size  1.500000  0.600000  orientation 0.00
drill  0.000000
shape_offset  0.000000  0.000000
$EndPAD
$PAD "7"
Shape Rect Layer front
position -2.700000  3.175000  size  1.500000  0.600000  orientation 0.00
drill  0.000000
shape_offset  0.000000  0.000000
$EndPAD
$PAD "8"
Shape Rect Layer front
position -2.700000  4.445000  size  1.500000  0.600000  orientation 0.00
drill  0.000000
shape_offset  0.000000  0.000000
$EndPAD
$PAD "9"
Shape Rect Layer front
position  2.700000  4.445000  size  1.500000  0.600000  orientation 0.00
drill  0.000000
shape_offset  0.000000  0.000000
$EndPAD
$PAD "10"
Shape Rect Layer front
position  2.700000  3.175000  size  1.500000  0.600000  orientation 0.00
drill  0.000000
shape_offset  0.000000  0.000000
$EndPAD
$PAD "11"
Shape Rect Layer front
position  2.700000  1.905000  size  1.500000  0.600000  orientation 0.00
drill  0.000000
shape_offset  0.000000  0.000000
$EndPAD
$PAD "12"
Shape Rect Layer front
position  2.700000  0.635000  size  1.500000  0.600000  orientation 0.00
drill  0.000000
shape_offset  0.000000  0.000000
$EndPAD
$PAD "13"
Shape Rect Layer front
position  2.700000 -0.635000  size  1.500000  0.600000  orientation 0.00
drill  0.000000
shape_offset  0.000000  0.000000
$EndPAD
$PAD "14"
Shape Rect Layer front
position  2.700000 -1.905000  size  1.500000  0.600000  orientation 0.00
drill  0.000000
shape_offset  0.000000  0.000000
$EndPAD
$PAD "15"
Shape Rect Layer front
position  2.700000 -3.175000  size  1.500000  0.600000  orientation 0.00
drill  0.000000
shape_offset  0.000000  0.000000
$EndPAD
$PAD "16"
Shape Rect Layer front
position  2.700000 -4.445000  size  1.500000  0.600000  orientation 0.00
drill  0.000000
shape_offset  0.000000  0.000000
$EndPAD
$EndMODULE  U6

$MODULE "P1"
reference "P1"
value "TE-FFC-10-0.5"
footprint "Insa:FFC-10-0.5"
attribut none
position 106.045000 91.055000  orientation 90.00
layer front
$PAD "A"
Shape Rect Layer front
position -3.685000 -1.400000  size  1.750000  2.800000  orientation 0.00
drill  0.000000
shape_offset  0.000000  0.000000
$EndPAD
$PAD "B"
Shape Rect Layer front
position  3.685000 -1.400000  size  1.750000  2.800000  orientation 0.00
drill  0.000000
shape_offset  0.000000  0.000000
$EndPAD
$PAD "2"
Shape Rect Layer front
position -1.750000  0.350000  size  0.250000  0.700000  orientation 0.00
drill  0.000000
shape_offset  0.000000  0.000000
$EndPAD
$PAD "3"
Shape Rect Layer front
position -1.250000  0.350000  size  0.250000  0.700000  orientation 0.00
drill  0.000000
shape_offset  0.000000  0.000000
$EndPAD
$PAD "4"
Shape Rect Layer front
position -0.750000  0.350000  size  0.250000  0.700000  orientation 0.00
drill  0.000000
shape_offset  0.000000  0.000000
$EndPAD
$PAD "5"
Shape Rect Layer front
position -0.250000  0.350000  size  0.250000  0.700000  orientation 0.00
drill  0.000000
shape_offset  0.000000  0.000000
$EndPAD
$PAD "9"
Shape Rect Layer front
position  1.750000  0.350000  size  0.250000  0.700000  orientation 0.00
drill  0.000000
shape_offset  0.000000  0.000000
$EndPAD
$PAD "8"
Shape Rect Layer front
position  1.250000  0.350000  size  0.250000  0.700000  orientation 0.00
drill  0.000000
shape_offset  0.000000  0.000000
$EndPAD
$PAD "7"
Shape Rect Layer front
position  0.750000  0.350000  size  0.250000  0.700000  orientation 0.00
drill  0.000000
shape_offset  0.000000  0.000000
$EndPAD
$PAD "6"
Shape Rect Layer front
position  0.250000  0.350000  size  0.250000  0.700000  orientation 0.00
drill  0.000000
shape_offset  0.000000  0.000000
$EndPAD
$PAD "1"
Shape Rect Layer front
position -2.250000  0.350000  size  0.250000  0.700000  orientation 0.00
drill  0.000000
shape_offset  0.000000  0.000000
$EndPAD
$PAD "10"
Shape Rect Layer front
position  2.250000  0.350000  size  0.250000  0.700000  orientation 0.00
drill  0.000000
shape_offset  0.000000  0.000000
$EndPAD
$EndMODULE  P1

$MODULE "J2"
reference "J2"
value "Conn_01x02"
footprint "Connector_PinHeader_2.54mm:PinHeader_1x02_P2.54mm_Vertical"
attribut none
position 99.695000 76.200000  orientation 0.00
layer front
$PAD "1"
Shape Rect Layer both
position  0.000000  0.000000  size  1.700000  1.700000  orientation 0.00
drill  1.000000
shape_offset  0.000000  0.000000
$EndPAD
$PAD "2"
Shape Oval Layer both
position  0.000000  2.540000  size  1.700000  1.700000  orientation 0.00
drill  1.000000
shape_offset  0.000000  0.000000
$EndPAD
$EndMODULE  J2

$MODULE "J3"
reference "J3"
value "Conn_01x02"
footprint "Connector_PinHeader_2.54mm:PinHeader_1x02_P2.54mm_Vertical"
attribut none
position 136.525000 76.200000  orientation 0.00
layer front
$PAD "2"
Shape Oval Layer both
position  0.000000  2.540000  size  1.700000  1.700000  orientation 0.00
drill  1.000000
shape_offset  0.000000  0.000000
$EndPAD
$PAD "1"
Shape Rect Layer both
position  0.000000  0.000000  size  1.700000  1.700000  orientation 0.00
drill  1.000000
shape_offset  0.000000  0.000000
$EndPAD
$EndMODULE  J3

$MODULE "C1"
reference "C1"
value "100nF"
footprint "Capacitor_SMD:C_1206_3216Metric"
attribut smd
position 106.680000 76.835000  orientation 90.00
layer front
$PAD "1"
Shape Roundrect Layer front
position -1.400000  0.000000  size  1.250000  1.750000  orientation 0.00
drill  0.000000
shape_offset  0.000000  0.000000
$EndPAD
$PAD "2"
Shape Roundrect Layer front
position  1.400000  0.000000  size  1.250000  1.750000  orientation 0.00
drill  0.000000
shape_offset  0.000000  0.000000
$EndPAD
$EndMODULE  C1

$MODULE "C2"
reference "C2"
value "100nF"
footprint "Capacitor_SMD:C_1206_3216Metric"
attribut smd
position 125.730000 106.680000  orientation 270.00
layer front
$PAD "1"
Shape Roundrect Layer front
position -1.400000  0.000000  size  1.250000  1.750000  orientation 0.00
drill  0.000000
shape_offset  0.000000  0.000000
$EndPAD
$PAD "2"
Shape Roundrect Layer front
position  1.400000  0.000000  size  1.250000  1.750000  orientation 0.00
drill  0.000000
shape_offset  0.000000  0.000000
$EndPAD
$EndMODULE  C2

$MODULE "C3"
reference "C3"
value "100nF"
footprint "Capacitor_SMD:C_1206_3216Metric"
attribut smd
position 101.600000 97.790000  orientation 0.00
layer front
$PAD "2"
Shape Roundrect Layer front
position  1.400000  0.000000  size  1.250000  1.750000  orientation 0.00
drill  0.000000
shape_offset  0.000000  0.000000
$EndPAD
$PAD "1"
Shape Roundrect Layer front
position -1.400000  0.000000  size  1.250000  1.750000  orientation 0.00
drill  0.000000
shape_offset  0.000000  0.000000
$EndPAD
$EndMODULE  C3

$MODULE "C4"
reference "C4"
value "100nF"
footprint "Capacitor_SMD:C_1206_3216Metric"
attribut smd
position 108.585000 97.660000  orientation 270.00
layer front
$PAD "1"
Shape Roundrect Layer front
position -1.400000  0.000000  size  1.250000  1.750000  orientation 0.00
drill  0.000000
shape_offset  0.000000  0.000000
$EndPAD
$PAD "2"
Shape Roundrect Layer front
position  1.400000  0.000000  size  1.250000  1.750000  orientation 0.00
drill  0.000000
shape_offset  0.000000  0.000000
$EndPAD
$EndMODULE  C4

$MODULE "C5"
reference "C5"
value "100nF"
footprint "Capacitor_SMD:C_1206_3216Metric"
attribut smd
position 111.760000 80.645000  orientation 0.00
layer front
$PAD "2"
Shape Roundrect Layer front
position  1.400000  0.000000  size  1.250000  1.750000  orientation 0.00
drill  0.000000
shape_offset  0.000000  0.000000
$EndPAD
$PAD "1"
Shape Roundrect Layer front
position -1.400000  0.000000  size  1.250000  1.750000  orientation 0.00
drill  0.000000
shape_offset  0.000000  0.000000
$EndPAD
$EndMODULE  C5

$MODULE "C6"
reference "C6"
value "100nF"
footprint "Capacitor_SMD:C_1206_3216Metric"
attribut smd
position 118.745000 81.915000  orientation 0.00
layer front
$PAD "1"
Shape Roundrect Layer front
position -1.400000  0.000000  size  1.250000  1.750000  orientation 0.00
drill  0.000000
shape_offset  0.000000  0.000000
$EndPAD
$PAD "2"
Shape Roundrect Layer front
position  1.400000  0.000000  size  1.250000  1.750000  orientation 0.00
drill  0.000000
shape_offset  0.000000  0.000000
$EndPAD
$EndMODULE  C6

$MODULE "C7"
reference "C7"
value "100nF"
footprint "Capacitor_SMD:C_1206_3216Metric"
attribut smd
position 109.220000 106.045000  orientation 270.00
layer front
$PAD "2"
Shape Roundrect Layer front
position  1.400000  0.000000  size  1.250000  1.750000  orientation 0.00
drill  0.000000
shape_offset  0.000000  0.000000
$EndPAD
$PAD "1"
Shape Roundrect Layer front
position -1.400000  0.000000  size  1.250000  1.750000  orientation 0.00
drill  0.000000
shape_offset  0.000000  0.000000
$EndPAD
$EndMODULE  C7

$MODULE "C10"
reference "C10"
value "220nF"
footprint "Capacitor_SMD:C_1206_3216Metric"
attribut smd
position 104.775000 110.490000  orientation 0.00
layer front
$PAD "1"
Shape Roundrect Layer front
position -1.400000  0.000000  size  1.250000  1.750000  orientation 0.00
drill  0.000000
shape_offset  0.000000  0.000000
$EndPAD
$PAD "2"
Shape Roundrect Layer front
position  1.400000  0.000000  size  1.250000  1.750000  orientation 0.00
drill  0.000000
shape_offset  0.000000  0.000000
$EndPAD
$EndMODULE  C10

$MODULE "Logo1"
reference "Logo1"
value "LOGO"
footprint "Insa:insa-image"
attribut none
position 135.900000 110.400000  orientation 0.00
layer front
$EndMODULE  Logo1

$MODULE "R1"
reference "R1"
value "10K"
footprint "Resistor_SMD:R_1206_3216Metric"
attribut smd
position 117.927495 100.320908  orientation 270.00
layer front
$PAD "2"
Shape Roundrect Layer front
position  1.400000  0.000000  size  1.250000  1.750000  orientation 0.00
drill  0.000000
shape_offset  0.000000  0.000000
$EndPAD
$PAD "1"
Shape Roundrect Layer front
position -1.400000  0.000000  size  1.250000  1.750000  orientation 0.00
drill  0.000000
shape_offset  0.000000  0.000000
$EndPAD
$EndMODULE  R1

$MODULE "R2"
reference "R2"
value "10K"
footprint "Resistor_SMD:R_1206_3216Metric"
attribut smd
position 115.637495 100.320908  orientation 270.00
layer front
$PAD "1"
Shape Roundrect Layer front
position -1.400000  0.000000  size  1.250000  1.750000  orientation 0.00
drill  0.000000
shape_offset  0.000000  0.000000
$EndPAD
$PAD "2"
Shape Roundrect Layer front
position  1.400000  0.000000  size  1.250000  1.750000  orientation 0.00
drill  0.000000
shape_offset  0.000000  0.000000
$EndPAD
$EndMODULE  R2

$MODULE "U2"
reference "U2"
value "LSM6DS3"
footprint "Insa:LGA-14_3x2.5mm_P0.5mm_LayoutBorder3x4y-slim"
attribut smd
position 120.397500 106.680000  orientation 90.00
layer front
$PAD "2"
Shape Rect Layer front
position -1.215000 -0.250000  size  0.550000  0.280000  orientation 0.00
drill  0.000000
shape_offset  0.000000  0.000000
$EndPAD
$PAD "3"
Shape Rect Layer front
position -1.215000  0.250000  size  0.550000  0.280000  orientation 0.00
drill  0.000000
shape_offset  0.000000  0.000000
$EndPAD
$PAD "6"
Shape Rect Layer front
position  0.000000  0.965000  size  0.280000  0.550000  orientation 0.00
drill  0.000000
shape_offset  0.000000  0.000000
$EndPAD
$PAD "9"
Shape Rect Layer front
position  1.215000  0.250000  size  0.550000  0.280000  orientation 0.00
drill  0.000000
shape_offset  0.000000  0.000000
$EndPAD
$PAD "10"
Shape Rect Layer front
position  1.215000 -0.250000  size  0.550000  0.280000  orientation 0.00
drill  0.000000
shape_offset  0.000000  0.000000
$EndPAD
$PAD "13"
Shape Rect Layer front
position  0.000000 -0.965000  size  0.280000  0.550000  orientation 0.00
drill  0.000000
shape_offset  0.000000  0.000000
$EndPAD
$PAD "1"
Shape Rect Layer front
position -1.240000 -0.750000  size  0.500000  0.280000  orientation 0.00
drill  0.000000
shape_offset  0.000000  0.000000
$EndPAD
$PAD "4"
Shape Rect Layer front
position -1.240000  0.750000  size  0.500000  0.280000  orientation 0.00
drill  0.000000
shape_offset  0.000000  0.000000
$EndPAD
$PAD "5"
Shape Rect Layer front
position -0.500000  0.990000  size  0.280000  0.500000  orientation 0.00
drill  0.000000
shape_offset  0.000000  0.000000
$EndPAD
$PAD "7"
Shape Rect Layer front
position  0.500000  0.990000  size  0.280000  0.500000  orientation 0.00
drill  0.000000
shape_offset  0.000000  0.000000
$EndPAD
$PAD "8"
Shape Rect Layer front
position  1.240000  0.750000  size  0.500000  0.280000  orientation 0.00
drill  0.000000
shape_offset  0.000000  0.000000
$EndPAD
$PAD "11"
Shape Rect Layer front
position  1.240000 -0.750000  size  0.500000  0.280000  orientation 0.00
drill  0.000000
shape_offset  0.000000  0.000000
$EndPAD
$PAD "12"
Shape Rect Layer front
position  0.500000 -0.990000  size  0.280000  0.500000  orientation 0.00
drill  0.000000
shape_offset  0.000000  0.000000
$EndPAD
$PAD "14"
Shape Rect Layer front
position -0.500000 -0.990000  size  0.280000  0.500000  orientation 0.00
drill  0.000000
shape_offset  0.000000  0.000000
$EndPAD
$EndMODULE  U2

$MODULE "U7"
reference "U7"
value "LIS2MDL"
footprint "Insa:LGA-12_2x2mm_P0.5mm-slim"
attribut smd
position 104.775000 106.045000  orientation 0.00
layer front
$PAD "2"
Shape Rect Layer front
position -0.762500 -0.250000  size  0.300000  0.300000  orientation 0.00
drill  0.000000
shape_offset  0.000000  0.000000
$EndPAD
$PAD "3"
Shape Rect Layer front
position -0.762500  0.250000  size  0.300000  0.300000  orientation 0.00
drill  0.000000
shape_offset  0.000000  0.000000
$EndPAD
$PAD "9"
Shape Rect Layer front
position  0.762500 -0.250000  size  0.300000  0.300000  orientation 0.00
drill  0.000000
shape_offset  0.000000  0.000000
$EndPAD
$PAD "8"
Shape Rect Layer front
position  0.762500  0.250000  size  0.300000  0.300000  orientation 0.00
drill  0.000000
shape_offset  0.000000  0.000000
$EndPAD
$PAD "4"
Shape Rect Layer front
position -0.762500  0.750000  size  0.300000  0.300000  orientation 0.00
drill  0.000000
shape_offset  0.000000  0.000000
$EndPAD
$PAD "7"
Shape Rect Layer front
position  0.762500  0.750000  size  0.300000  0.300000  orientation 0.00
drill  0.000000
shape_offset  0.000000  0.000000
$EndPAD
$PAD "1"
Shape Rect Layer front
position -0.762500 -0.750000  size  0.300000  0.300000  orientation 0.00
drill  0.000000
shape_offset  0.000000  0.000000
$EndPAD
$PAD "10"
Shape Rect Layer front
position  0.762500 -0.750000  size  0.300000  0.300000  orientation 0.00
drill  0.000000
shape_offset  0.000000  0.000000
$EndPAD
$PAD "5"
Shape Rect Layer front
position -0.250000  0.762500  size  0.300000  0.300000  orientation 90.00
drill  0.000000
shape_offset  0.000000  0.000000
$EndPAD
$PAD "6"
Shape Rect Layer front
position  0.250000  0.762500  size  0.300000  0.300000  orientation 90.00
drill  0.000000
shape_offset  0.000000  0.000000
$EndPAD
$PAD "11"
Shape Rect Layer front
position  0.250000 -0.762500  size  0.300000  0.300000  orientation 90.00
drill  0.000000
shape_offset  0.000000  0.000000
$EndPAD
$PAD "12"
Shape Rect Layer front
position -0.250000 -0.762500  size  0.300000  0.300000  orientation 90.00
drill  0.000000
shape_offset  0.000000  0.000000
$EndPAD
$EndMODULE  U7

$MODULE "JP1"
reference "JP1"
value "SJ"
footprint "Jumper:SolderJumper-2_P1.3mm_Open_RoundedPad1.0x1.5mm"
attribut virtual
position 128.600000 111.100000  orientation 0.00
layer front
$PAD "1"
Shape CustomShape Layer front
position -0.650000  0.000000  size  1.000000  0.500000  orientation 0.00
drill  0.000000
shape_offset  0.000000  0.000000
$EndPAD
$PAD "2"
Shape CustomShape Layer front
position  0.650000  0.000000  size  1.000000  0.500000  orientation 0.00
drill  0.000000
shape_offset  0.000000  0.000000
$EndPAD
$EndMODULE  JP1

$MODULE "JP2"
reference "JP2"
value "SJ"
footprint "Jumper:SolderJumper-2_P1.3mm_Open_RoundedPad1.0x1.5mm"
attribut virtual
position 126.700000 102.700000  orientation 0.00
layer front
$PAD "1"
Shape CustomShape Layer front
position -0.650000  0.000000  size  1.000000  0.500000  orientation 0.00
drill  0.000000
shape_offset  0.000000  0.000000
$EndPAD
$PAD "2"
Shape CustomShape Layer front
position  0.650000  0.000000  size  1.000000  0.500000  orientation 0.00
drill  0.000000
shape_offset  0.000000  0.000000
$EndPAD
$EndMODULE  JP2

$MODULE "JP3"
reference "JP3"
value "SJ"
footprint "Jumper:SolderJumper-2_P1.3mm_Open_RoundedPad1.0x1.5mm"
attribut virtual
position 111.100000 110.800000  orientation 90.00
layer front
$PAD "2"
Shape CustomShape Layer front
position  0.650000  0.000000  size  1.000000  0.500000  orientation 0.00
drill  0.000000
shape_offset  0.000000  0.000000
$EndPAD
$PAD "1"
Shape CustomShape Layer front
position -0.650000  0.000000  size  1.000000  0.500000  orientation 0.00
drill  0.000000
shape_offset  0.000000  0.000000
$EndPAD
$EndMODULE  JP3

$EndDESCRIPTION
